<?xml version="1.0" encoding="UTF-8"?>
<testsuite name="RichardsTest" tests="1" skipped="0" failures="0" errors="0" timestamp="2016-12-13T17:59:15" hostname="cifciaf-laptop" time="0.018">
  <properties/>
  <testcase name="testTest" classname="RichardsTest" time="0.018"/>
  <system-out><![CDATA[Solving a one dimensional problem Richards problem. 
Solving for one dimensional problem
My GOD this was hard!
]]></system-out>
  <system-err><![CDATA[]]></system-err>
</testsuite>
