<?xml version="1.1" encoding="UTF-8"?>
<testsuite name="RichardsTest" tests="1" failures="0" errors="0" timestamp="2016-11-27T21:00:10" hostname="cifciaf-portable" time="0.128">
  <properties/>
  <testcase name="testTest" classname="RichardsTest" time="0.128"/>
  <system-out><![CDATA[Solving a one dimensional problem Richards problem. 
Solving for one dimensional problem
My GOD this was hard!
]]></system-out>
  <system-err><![CDATA[]]></system-err>
</testsuite>
